<?xml version="1.0" encoding="UTF-8"?>
<!-- Generated by org.testng.reporters.JUnitXMLReporter -->
<testsuite ignored="4" hostname="LAPTOP-IVDTKOOS" failures="0" tests="1" name="Default test" time="4.817" errors="0" timestamp="2021-11-24T17:59:12 IST">
  <testcase classname="com.swaglabs.test.SwaglabsTest" name="doSortPriceHitoLo" time="0.518"/>
  <testcase classname="com.swaglabs.test.SwaglabsTest" name="doLoginWithRightCreds" time="0.0">
    <ignored/>
  </testcase> <!-- doLoginWithRightCreds -->
  <testcase classname="com.swaglabs.test.SwaglabsTest" name="doLoginWithWrongCreds" time="0.0">
    <ignored/>
  </testcase> <!-- doLoginWithWrongCreds -->
  <testcase classname="com.swaglabs.test.SwaglabsTest" name="doLogoCheck" time="0.0">
    <ignored/>
  </testcase> <!-- doLogoCheck -->
  <testcase classname="com.swaglabs.test.SwaglabsTest" name="doSortAlphaZtoA" time="0.0">
    <ignored/>
  </testcase> <!-- doSortAlphaZtoA -->
</testsuite> <!-- Default test -->
