<?xml version="1.0" encoding="UTF-8"?>
<!-- Generated by org.testng.reporters.JUnitXMLReporter -->
<testsuite ignored="1" hostname="LAPTOP-IVDTKOOS" failures="0" tests="1" name="Default test" time="39.502" errors="0" timestamp="2021-11-25T13:34:22 IST">
  <testcase classname="com.swaglabs.test.SwaglabsTest" name="inventory" time="33.707"/>
  <testcase classname="com.swaglabs.test.SwaglabsTest" name="login" time="0.0">
    <ignored/>
  </testcase> <!-- login -->
</testsuite> <!-- Default test -->
