<?xml version="1.0" encoding="UTF-8"?>
<testng-results ignored="4" total="5" passed="1" failed="0" skipped="0">
  <reporter-output>
    <line>
      <![CDATA[excecution start]]>
    </line>
    <line>
      <![CDATA[Logged in succesfully....!!]]>
    </line>
    <line>
      <![CDATA[Sorted items Z to A]]>
    </line>
    <line>
      <![CDATA[Sorted items by price High to Low]]>
    </line>
    <line>
      <![CDATA[Sorted items A to Z]]>
    </line>
    <line>
      <![CDATA[Sorted items by price Low to High]]>
    </line>
    <line>
      <![CDATA[Product added to cart successfully]]>
    </line>
    <line>
      <![CDATA[Product added to cart successfully]]>
    </line>
    <line>
      <![CDATA[On YourCart Page]]>
    </line>
    <line>
      <![CDATA[stop execution]]>
    </line>
  </reporter-output>
  <suite started-at="2021-11-25T18:41:34 IST" name="Default suite" finished-at="2021-11-25T18:42:25 IST" duration-ms="50900">
    <groups>
    </groups>
    <test started-at="2021-11-25T18:41:34 IST" name="Default test" finished-at="2021-11-25T18:42:25 IST" duration-ms="50900">
      <class name="com.swaglabs.test.SwaglabsTest">
        <test-method is-config="true" signature="start()[pri:0, instance:com.swaglabs.test.SwaglabsTest@7c711375]" started-at="2021-11-25T18:41:34 IST" name="start" finished-at="2021-11-25T18:41:34 IST" duration-ms="13" status="PASS">
          <reporter-output>
            <line>
              <![CDATA[excecution start]]>
            </line>
          </reporter-output>
        </test-method> <!-- start -->
        <test-method is-config="true" signature="openapp()[pri:0, instance:com.swaglabs.test.SwaglabsTest@7c711375]" started-at="2021-11-25T18:41:34 IST" name="openapp" finished-at="2021-11-25T18:41:38 IST" duration-ms="4078" status="PASS">
          <reporter-output>
          </reporter-output>
        </test-method> <!-- openapp -->
        <test-method signature="inventory()[pri:0, instance:com.swaglabs.test.SwaglabsTest@7c711375]" started-at="2021-11-25T18:41:38 IST" name="inventory" finished-at="2021-11-25T18:42:25 IST" duration-ms="46554" status="PASS">
          <reporter-output>
            <line>
              <![CDATA[Logged in succesfully....!!]]>
            </line>
            <line>
              <![CDATA[Sorted items Z to A]]>
            </line>
            <line>
              <![CDATA[Sorted items by price High to Low]]>
            </line>
            <line>
              <![CDATA[Sorted items A to Z]]>
            </line>
            <line>
              <![CDATA[Sorted items by price Low to High]]>
            </line>
            <line>
              <![CDATA[Product added to cart successfully]]>
            </line>
            <line>
              <![CDATA[Product added to cart successfully]]>
            </line>
            <line>
              <![CDATA[On YourCart Page]]>
            </line>
          </reporter-output>
        </test-method> <!-- inventory -->
        <test-method is-config="true" signature="closeapp()[pri:0, instance:com.swaglabs.test.SwaglabsTest@7c711375]" started-at="2021-11-25T18:42:25 IST" name="closeapp" finished-at="2021-11-25T18:42:25 IST" duration-ms="217" status="PASS">
          <reporter-output>
          </reporter-output>
        </test-method> <!-- closeapp -->
        <test-method is-config="true" signature="close()[pri:0, instance:com.swaglabs.test.SwaglabsTest@7c711375]" started-at="2021-11-25T18:42:25 IST" name="close" finished-at="2021-11-25T18:42:25 IST" duration-ms="0" status="PASS">
          <reporter-output>
            <line>
              <![CDATA[stop execution]]>
            </line>
          </reporter-output>
        </test-method> <!-- close -->
      </class> <!-- com.swaglabs.test.SwaglabsTest -->
    </test> <!-- Default test -->
  </suite> <!-- Default suite -->
</testng-results>
