<?xml version="1.0" encoding="UTF-8"?>
<testng-results ignored="4" total="5" passed="1" failed="0" skipped="0">
  <reporter-output>
    <line>
      <![CDATA[excecution start]]>
    </line>
    <line>
      <![CDATA[stop execution]]>
    </line>
  </reporter-output>
  <suite started-at="2021-11-24T17:59:08 IST" name="Default suite" finished-at="2021-11-24T17:59:12 IST" duration-ms="4817">
    <groups>
    </groups>
    <test started-at="2021-11-24T17:59:08 IST" name="Default test" finished-at="2021-11-24T17:59:12 IST" duration-ms="4817">
      <class name="com.swaglabs.test.SwaglabsTest">
        <test-method is-config="true" signature="start()[pri:0, instance:com.swaglabs.test.SwaglabsTest@7c711375]" started-at="2021-11-24T17:59:08 IST" name="start" finished-at="2021-11-24T17:59:08 IST" duration-ms="7" status="PASS">
          <reporter-output>
            <line>
              <![CDATA[excecution start]]>
            </line>
          </reporter-output>
        </test-method> <!-- start -->
        <test-method is-config="true" signature="openapp()[pri:0, instance:com.swaglabs.test.SwaglabsTest@7c711375]" started-at="2021-11-24T17:59:08 IST" name="openapp" finished-at="2021-11-24T17:59:12 IST" duration-ms="4148" status="PASS">
          <reporter-output>
          </reporter-output>
        </test-method> <!-- openapp -->
        <test-method signature="doSortPriceHitoLo()[pri:0, instance:com.swaglabs.test.SwaglabsTest@7c711375]" started-at="2021-11-24T17:59:12 IST" name="doSortPriceHitoLo" finished-at="2021-11-24T17:59:12 IST" duration-ms="518" status="PASS">
          <reporter-output>
          </reporter-output>
        </test-method> <!-- doSortPriceHitoLo -->
        <test-method is-config="true" signature="closeapp()[pri:0, instance:com.swaglabs.test.SwaglabsTest@7c711375]" started-at="2021-11-24T17:59:12 IST" name="closeapp" finished-at="2021-11-24T17:59:12 IST" duration-ms="123" status="PASS">
          <reporter-output>
          </reporter-output>
        </test-method> <!-- closeapp -->
        <test-method is-config="true" signature="close()[pri:0, instance:com.swaglabs.test.SwaglabsTest@7c711375]" started-at="2021-11-24T17:59:12 IST" name="close" finished-at="2021-11-24T17:59:12 IST" duration-ms="0" status="PASS">
          <reporter-output>
            <line>
              <![CDATA[stop execution]]>
            </line>
          </reporter-output>
        </test-method> <!-- close -->
      </class> <!-- com.swaglabs.test.SwaglabsTest -->
    </test> <!-- Default test -->
  </suite> <!-- Default suite -->
</testng-results>
